<?xml version="1.0" encoding="UTF-8"?>
<!-- Generated by org.testng.reporters.JUnitXMLReporter -->
<testsuite ignored="0" hostname="LAPTOP-O2G4TL4Q" failures="0" tests="5" name="Surefire test" time="45.089" errors="0" timestamp="2022-03-25T12:37:48 IST">
  <testcase classname="com.sdet.tests.HomePageTest" name="logoVerification" time="0.144"/>
  <testcase classname="com.sdet.tests.MyInfoPageTest" name="loginCredCheck" time="3.889"/>
  <testcase classname="com.sdet.tests.MyInfoPageTest" name="createEmergencyContact" time="18.619"/>
  <testcase classname="com.sdet.tests.MyInfoPageTest" name="delEmergencyContact" time="1.745"/>
  <testcase classname="com.sdet.tests.MyInfoPageTest" name="logout" time="3.165"/>
</testsuite> <!-- Surefire test -->
