<?xml version="1.0" encoding="UTF-8"?>
<testng-results ignored="0" total="5" passed="5" failed="0" skipped="0">
  <reporter-output>
  </reporter-output>
  <suite started-at="2022-03-25T12:37:03 IST" name="Surefire suite" finished-at="2022-03-25T12:37:48 IST" duration-ms="45089">
    <groups>
    </groups>
    <test started-at="2022-03-25T12:37:03 IST" name="Surefire test" finished-at="2022-03-25T12:37:48 IST" duration-ms="45089">
      <class name="com.sdet.tests.HomePageTest">
        <test-method is-config="true" signature="setUp(java.lang.String)[pri:0, instance:com.sdet.tests.HomePageTest@38364841]" started-at="2022-03-25T12:37:03 IST" name="setUp" finished-at="2022-03-25T12:37:14 IST" duration-ms="11027" status="PASS">
          <params>
            <param index="0">
              <value>
                <![CDATA[chrome]]>
              </value>
            </param>
          </params>
          <reporter-output>
          </reporter-output>
        </test-method> <!-- setUp -->
        <test-method signature="logoVerification()[pri:0, instance:com.sdet.tests.HomePageTest@38364841]" started-at="2022-03-25T12:37:14 IST" name="logoVerification" finished-at="2022-03-25T12:37:14 IST" duration-ms="144" status="PASS">
          <reporter-output>
          </reporter-output>
        </test-method> <!-- logoVerification -->
        <test-method is-config="true" signature="tearDown()[pri:0, instance:com.sdet.tests.HomePageTest@38364841]" started-at="2022-03-25T12:37:14 IST" name="tearDown" finished-at="2022-03-25T12:37:15 IST" duration-ms="756" status="PASS">
          <reporter-output>
          </reporter-output>
        </test-method> <!-- tearDown -->
      </class> <!-- com.sdet.tests.HomePageTest -->
      <class name="com.sdet.tests.MyInfoPageTest">
        <test-method is-config="true" signature="setUp(java.lang.String)[pri:0, instance:com.sdet.tests.MyInfoPageTest@3c0a50da]" started-at="2022-03-25T12:37:15 IST" name="setUp" finished-at="2022-03-25T12:37:20 IST" duration-ms="4950" status="PASS">
          <params>
            <param index="0">
              <value>
                <![CDATA[chrome]]>
              </value>
            </param>
          </params>
          <reporter-output>
          </reporter-output>
        </test-method> <!-- setUp -->
        <test-method signature="loginCredCheck(java.lang.String,java.lang.String)[pri:0, instance:com.sdet.tests.MyInfoPageTest@3c0a50da]" started-at="2022-03-25T12:37:20 IST" name="loginCredCheck" finished-at="2022-03-25T12:37:24 IST" duration-ms="3889" status="PASS">
          <params>
            <param index="0">
              <value>
                <![CDATA[Admin]]>
              </value>
            </param>
            <param index="1">
              <value>
                <![CDATA[admin123]]>
              </value>
            </param>
          </params>
          <reporter-output>
          </reporter-output>
        </test-method> <!-- loginCredCheck -->
        <test-method signature="createEmergencyContact(java.lang.String,java.lang.String,java.lang.String)[pri:1, instance:com.sdet.tests.MyInfoPageTest@3c0a50da]" started-at="2022-03-25T12:37:24 IST" name="createEmergencyContact" finished-at="2022-03-25T12:37:43 IST" duration-ms="18619" status="PASS">
          <params>
            <param index="0">
              <value>
                <![CDATA[Rajesh]]>
              </value>
            </param>
            <param index="1">
              <value>
                <![CDATA[Brother]]>
              </value>
            </param>
            <param index="2">
              <value>
                <![CDATA[9999999990]]>
              </value>
            </param>
          </params>
          <reporter-output>
          </reporter-output>
        </test-method> <!-- createEmergencyContact -->
        <test-method signature="delEmergencyContact()[pri:2, instance:com.sdet.tests.MyInfoPageTest@3c0a50da]" started-at="2022-03-25T12:37:43 IST" name="delEmergencyContact" finished-at="2022-03-25T12:37:44 IST" duration-ms="1745" status="PASS">
          <reporter-output>
          </reporter-output>
        </test-method> <!-- delEmergencyContact -->
        <test-method signature="logout()[pri:3, instance:com.sdet.tests.MyInfoPageTest@3c0a50da]" started-at="2022-03-25T12:37:44 IST" name="logout" finished-at="2022-03-25T12:37:48 IST" duration-ms="3165" status="PASS">
          <reporter-output>
          </reporter-output>
        </test-method> <!-- logout -->
        <test-method is-config="true" signature="tearDown()[pri:0, instance:com.sdet.tests.MyInfoPageTest@3c0a50da]" started-at="2022-03-25T12:37:48 IST" name="tearDown" finished-at="2022-03-25T12:37:48 IST" duration-ms="751" status="PASS">
          <reporter-output>
          </reporter-output>
        </test-method> <!-- tearDown -->
      </class> <!-- com.sdet.tests.MyInfoPageTest -->
    </test> <!-- Surefire test -->
  </suite> <!-- Surefire suite -->
</testng-results>
