<?xml version="1.0" encoding="UTF-8"?>
<testsuite xmlns:xsi="http://www.w3.org/2001/XMLSchema-instance" xsi:noNamespaceSchemaLocation="https://maven.apache.org/surefire/maven-surefire-plugin/xsd/surefire-test-report.xsd" name="TestSuite" time="45.626" tests="5" errors="0" skipped="0" failures="0">
  <properties>
[...]
</properties>
  <testcase name="logoVerification" classname="com.sdet.tests.HomePageTest" time="0.147"/>
  <testcase name="loginCredCheck" classname="com.sdet.tests.MyInfoPageTest" time="3.891"/>
  <testcase name="createEmergencyContact" classname="com.sdet.tests.MyInfoPageTest" time="18.619"/>
  <testcase name="delEmergencyContact" classname="com.sdet.tests.MyInfoPageTest" time="1.744"/>
  <testcase name="logout" classname="com.sdet.tests.MyInfoPageTest" time="3.164"/>
</testsuite>