<?xml version="1.0" encoding="UTF-8"?>
<!-- Generated by org.testng.reporters.JUnitXMLReporter -->
<testsuite ignored="0" hostname="LAPTOP-O2G4TL4Q" failures="0" tests="5" name="Test" time="45.57" errors="0" timestamp="2022-03-25T12:35:56 IST">
  <testcase classname="com.sdet.tests.HomePageTest" name="logoVerification" time="0.141"/>
  <testcase classname="com.sdet.tests.MyInfoPageTest" name="loginCredCheck" time="4.36"/>
  <testcase classname="com.sdet.tests.MyInfoPageTest" name="createEmergencyContact" time="17.467"/>
  <testcase classname="com.sdet.tests.MyInfoPageTest" name="delEmergencyContact" time="1.557"/>
  <testcase classname="com.sdet.tests.MyInfoPageTest" name="logout" time="3.153"/>
</testsuite> <!-- Test -->
